<?xml version="1.0" encoding="UTF-8"?>
<testng-results total="1" passed="1" failed="0" skipped="0">
  <reporter-output>
  </reporter-output>
  <suite started-at="2020-11-04T11:00:59Z" name="Default suite" finished-at="2020-11-04T11:01:47Z" duration-ms="48296">
    <groups>
    </groups>
    <test started-at="2020-11-04T11:00:59Z" name="Default test" finished-at="2020-11-04T11:01:47Z" duration-ms="48296">
      <class name="task.kollex.tests.ChromeBrowserTestCase">
        <test-method is-config="true" signature="testSetUp()[pri:0, instance:task.kollex.tests.ChromeBrowserTestCase@1e16c0aa]" started-at="2020-11-04T12:00:59Z" name="testSetUp" finished-at="2020-11-04T12:01:06Z" duration-ms="7594" status="PASS">
          <reporter-output>
          </reporter-output>
        </test-method> <!-- testSetUp -->
        <test-method signature="automationTask()[pri:0, instance:task.kollex.tests.ChromeBrowserTestCase@1e16c0aa]" started-at="2020-11-04T12:01:06Z" name="automationTask" finished-at="2020-11-04T12:01:46Z" duration-ms="39892" status="PASS">
          <reporter-output>
          </reporter-output>
        </test-method> <!-- automationTask -->
        <test-method is-config="true" signature="tearDown()[pri:0, instance:task.kollex.tests.ChromeBrowserTestCase@1e16c0aa]" started-at="2020-11-04T12:01:46Z" name="tearDown" finished-at="2020-11-04T12:01:47Z" duration-ms="794" status="PASS">
          <reporter-output>
          </reporter-output>
        </test-method> <!-- tearDown -->
      </class> <!-- task.kollex.tests.ChromeBrowserTestCase -->
    </test> <!-- Default test -->
  </suite> <!-- Default suite -->
</testng-results>
